
/home/runner/work/exp-flow-through-packed-bed-nitk/exp-flow-through-packed-bed-nitk/experiment/simulation/js/dpi.js
  39:5  error  Parsing error: Identifier 'canvas' has already been declared

/home/runner/work/exp-flow-through-packed-bed-nitk/exp-flow-through-packed-bed-nitk/experiment/simulation/js/ftpJS.js
     2:5   warning  'mpointer' is assigned a value but never used        no-unused-vars
     3:5   warning  'repeat' is assigned a value but never used          no-unused-vars
     4:5   warning  'a' is defined but never used                        no-unused-vars
     4:8   warning  'p' is defined but never used                        no-unused-vars
     4:11  warning  'lastp' is defined but never used                    no-unused-vars
     4:18  warning  'n' is defined but never used                        no-unused-vars
     4:21  warning  'b' is defined but never used                        no-unused-vars
     4:24  warning  'q' is defined but never used                        no-unused-vars
     4:27  warning  'flag' is assigned a value but never used            no-unused-vars
     5:5   warning  'avg' is defined but never used                      no-unused-vars
     5:10  warning  'average' is defined but never used                  no-unused-vars
    26:10  warning  'temp' is not defined                                no-undef
    26:20  warning  'temp' is not defined                                no-undef
    26:31  warning  'temp' is not defined                                no-undef
    27:44  warning  'temp' is not defined                                no-undef
    29:5   warning  'simsubscreennum' is not defined                     no-undef
    30:40  warning  'simsubscreennum' is not defined                     no-undef
    35:10  warning  'navNext' is defined but never used                  no-unused-vars
    36:10  warning  'temp' is not defined                                no-undef
    36:20  warning  'temp' is not defined                                no-undef
    36:31  warning  'temp' is not defined                                no-undef
    37:44  warning  'temp' is not defined                                no-undef
    40:5   warning  'simsubscreennum' is not defined                     no-undef
    41:41  warning  'simsubscreennum' is not defined                     no-undef
    48:10  warning  'animatearrow' is defined but never used             no-unused-vars
    56:10  warning  'myStopFunction' is defined but never used           no-unused-vars
    57:19  warning  'myInt' is not defined                               no-undef
    65:9   warning  'simsubscreennum' is not defined                     no-undef
    71:16  warning  'simsubscreennum' is not defined                     no-undef
    88:16  warning  'simsubscreennum' is not defined                     no-undef
   107:16  warning  'simsubscreennum' is not defined                     no-undef
   139:13  warning  'h1Val' is not defined                               no-undef
   140:13  warning  'h2Val' is not defined                               no-undef
   180:21  warning  'Propeller' is not defined                           no-undef
   199:16  warning  'simsubscreennum' is not defined                     no-undef
   213:10  warning  'dragAndRotate' is defined but never used            no-unused-vars
   219:10  warning  'temp' is not defined                                no-undef
   219:20  warning  'temp' is not defined                                no-undef
   219:31  warning  'temp' is not defined                                no-undef
   220:44  warning  'temp' is not defined                                no-undef
   222:5   warning  'simsubscreennum' is not defined                     no-undef
   223:40  warning  'simsubscreennum' is not defined                     no-undef
   248:10  warning  'temp' is not defined                                no-undef
   248:20  warning  'temp' is not defined                                no-undef
   248:31  warning  'temp' is not defined                                no-undef
   249:44  warning  'temp' is not defined                                no-undef
   251:5   warning  'simsubscreennum' is not defined                     no-undef
   252:40  warning  'simsubscreennum' is not defined                     no-undef
   271:10  warning  'temp' is not defined                                no-undef
   271:20  warning  'temp' is not defined                                no-undef
   271:31  warning  'temp' is not defined                                no-undef
   272:44  warning  'temp' is not defined                                no-undef
   274:5   warning  'simsubscreennum' is not defined                     no-undef
   275:40  warning  'simsubscreennum' is not defined                     no-undef
   301:5   warning  'h1Val' is not defined                               no-undef
   302:5   warning  'h2Val' is not defined                               no-undef
   310:10  warning  'temp' is not defined                                no-undef
   310:20  warning  'temp' is not defined                                no-undef
   310:31  warning  'temp' is not defined                                no-undef
   311:44  warning  'temp' is not defined                                no-undef
   313:5   warning  'simsubscreennum' is not defined                     no-undef
   314:40  warning  'simsubscreennum' is not defined                     no-undef
   340:10  warning  'temp' is not defined                                no-undef
   340:20  warning  'temp' is not defined                                no-undef
   340:31  warning  'temp' is not defined                                no-undef
   341:44  warning  'temp' is not defined                                no-undef
   343:5   warning  'simsubscreennum' is not defined                     no-undef
   344:40  warning  'simsubscreennum' is not defined                     no-undef
   351:10  warning  'temp' is not defined                                no-undef
   351:20  warning  'temp' is not defined                                no-undef
   351:31  warning  'temp' is not defined                                no-undef
   352:44  warning  'temp' is not defined                                no-undef
   354:5   warning  'simsubscreennum' is not defined                     no-undef
   355:40  warning  'simsubscreennum' is not defined                     no-undef
   364:10  warning  'temp' is not defined                                no-undef
   364:20  warning  'temp' is not defined                                no-undef
   364:31  warning  'temp' is not defined                                no-undef
   365:44  warning  'temp' is not defined                                no-undef
   367:5   warning  'simsubscreennum' is not defined                     no-undef
   368:40  warning  'simsubscreennum' is not defined                     no-undef
   381:9   warning  'h1Val' is not defined                               no-undef
   382:9   warning  'h2Val' is not defined                               no-undef
   463:10  warning  'selectAction' is defined but never used             no-unused-vars
   466:5   warning  'simsubscreennum' is not defined                     no-undef
   472:10  warning  'setPipeLength' is defined but never used            no-unused-vars
   479:10  warning  'setPipeDia' is defined but never used               no-unused-vars
   546:5   warning  'x' is assigned a value but never used               no-unused-vars
   547:5   warning  'numberOfClicks' is assigned a value but never used  no-unused-vars
   558:5   warning  'heightRight' is assigned a value but never used     no-unused-vars
   563:5   warning  'topRight' is assigned a value but never used        no-unused-vars
   566:5   warning  'heightPin' is assigned a value but never used       no-unused-vars
   567:5   warning  'heightPinNew' is assigned a value but never used    no-unused-vars
   861:5   warning  'h1Val' is not defined                               no-undef
   862:5   warning  'h2Val' is not defined                               no-undef
   881:5   warning  'h1Val' is not defined                               no-undef
   882:5   warning  'h2Val' is not defined                               no-undef
   947:5   warning  'simsubscreennum' is not defined                     no-undef
   950:41  warning  'simsubscreennum' is not defined                     no-undef
   960:10  warning  'setPipeLengthEval' is defined but never used        no-unused-vars
   967:10  warning  'setPipeDiaEval' is defined but never used           no-unused-vars
   974:10  warning  'setProcessFluidEval' is defined but never used      no-unused-vars
   981:10  warning  'setManoFluidEval' is defined but never used         no-unused-vars
   990:10  warning  'setEvalSets' is defined but never used              no-unused-vars
  1018:22  warning  'fric' is assigned a value but never used            no-unused-vars
  1021:10  warning  'evaluateConfig' is defined but never used           no-unused-vars
  1094:17  warning  'rowCountPost' is assigned a value but never used    no-unused-vars

/home/runner/work/exp-flow-through-packed-bed-nitk/exp-flow-through-packed-bed-nitk/experiment/simulation/js/jquery-3.6.0.js
     17:44  warning  'module' is not defined                                                    no-undef
     25:5   warning  'module' is not defined                                                    no-undef
    142:13  warning  'Symbol' is already defined as a built-in global variable                  no-redeclare
    717:22  warning  Unexpected control character(s) in regular expression: \x1f, \x1f          no-control-regex
    779:50  warning  Empty block statement                                                      no-empty
   2185:38  warning  Do not access Object.prototype method 'hasOwnProperty' from target object  no-prototype-builtins
   3205:16  warning  Unnecessary escape character: \/                                           no-useless-escape
   3507:52  warning  Empty block statement                                                      no-empty
   4584:21  warning  Empty block statement                                                      no-empty
   5051:28  warning  Unnecessary escape character: \/                                           no-useless-escape
   5268:19  warning  Empty block statement                                                      no-empty
   6564:25  warning  Empty block statement                                                      no-empty
   9171:17  warning  Empty block statement                                                      no-empty
   9819:28  warning  'urlAnchor.href' is assigned to itself                                     no-self-assign
  10269:17  warning  Empty block statement                                                      no-empty
  11162:39  warning  'define' is not defined                                                    no-undef
  11163:5   warning  'define' is not defined                                                    no-undef

/home/runner/work/exp-flow-through-packed-bed-nitk/exp-flow-through-packed-bed-nitk/experiment/simulation/js/jquery-ui.js
      9:39  warning  'define' is not defined                                      no-undef
     11:5   warning  'define' is not defined                                      no-undef
     14:13  warning  'jQuery' is not defined                                      no-undef
     21:7   warning  'version' is assigned a value but never used                 no-unused-vars
    797:7   warning  'widget' is assigned a value but never used                  no-unused-vars
    822:19  warning  Unnecessary escape character: \+                             no-useless-escape
    822:21  warning  Unnecessary escape character: \-                             no-useless-escape
   1365:7   warning  'position' is assigned a value but never used                no-unused-vars
   1381:7   warning  'data' is assigned a value but never used                    no-unused-vars
   1410:7   warning  'disableSelection' is assigned a value but never used        no-unused-vars
   1452:23  warning  Unnecessary escape character: \-                             no-useless-escape
   1462:39  warning  Unnecessary escape character: \%                             no-useless-escape
   1462:63  warning  Unnecessary escape character: \%                             no-useless-escape
   1462:87  warning  Unnecessary escape character: \%                             no-useless-escape
   1499:61  warning  Unnecessary escape character: \%                             no-useless-escape
   1499:85  warning  Unnecessary escape character: \%                             no-useless-escape
   2078:29  warning  Empty block statement                                        no-empty
   3120:63  warning  Empty block statement                                        no-empty
   3156:7   warning  'effectsEffectBlind' is assigned a value but never used      no-unused-vars
   3217:7   warning  'effectsEffectBounce' is assigned a value but never used     no-unused-vars
   3309:7   warning  'effectsEffectClip' is assigned a value but never used       no-unused-vars
   3360:7   warning  'effectsEffectDrop' is assigned a value but never used       no-unused-vars
   3418:7   warning  'effectsEffectExplode' is assigned a value but never used    no-unused-vars
   3523:7   warning  'effectsEffectFade' is assigned a value but never used       no-unused-vars
   3560:7   warning  'effectsEffectFold' is assigned a value but never used       no-unused-vars
   3639:7   warning  'effectsEffectHighlight' is assigned a value but never used  no-unused-vars
   3683:7   warning  'effectsEffectSize' is assigned a value but never used       no-unused-vars
   3884:7   warning  'effectsEffectScale' is assigned a value but never used      no-unused-vars
   3929:7   warning  'effectsEffectPuff' is assigned a value but never used       no-unused-vars
   3957:7   warning  'effectsEffectPulsate' is assigned a value but never used    no-unused-vars
   4007:7   warning  'effectsEffectShake' is assigned a value but never used      no-unused-vars
   4062:7   warning  'effectsEffectSlide' is assigned a value but never used      no-unused-vars
   4127:7   warning  'effect' is already defined                                  no-redeclare
   4133:7   warning  'effectsEffectTransfer' is assigned a value but never used   no-unused-vars
   4209:7   warning  'focusable' is assigned a value but never used               no-unused-vars
   4214:7   warning  'form' is assigned a value but never used                    no-unused-vars
   4234:7   warning  'formResetMixin' is assigned a value but never used          no-unused-vars
   4311:22  warning  Unexpected control character(s) in regular expression: \x1f  no-control-regex
   4369:7   warning  'keycode' is assigned a value but never used                 no-unused-vars
   4402:7   warning  'labels' is assigned a value but never used                  no-unused-vars
   4455:7   warning  'scrollParent' is assigned a value but never used            no-unused-vars
   4492:7   warning  'tabbable' is assigned a value but never used                no-unused-vars
   4516:7   warning  'uniqueId' is assigned a value but never used                no-unused-vars
   4558:7   warning  'widgetsAccordion' is assigned a value but never used        no-unused-vars
   5187:7   warning  'safeActiveElement' is assigned a value but never used       no-unused-vars
   5233:7   warning  'widgetsMenu' is assigned a value but never used             no-unused-vars
   5939:13  warning  Unnecessary escape character: \-                             no-useless-escape
   5939:15  warning  Unnecessary escape character: \[                             no-useless-escape
   5939:30  warning  Unnecessary escape character: \^                             no-useless-escape
   6581:30  warning  Unnecessary escape character: \-                             no-useless-escape
   6581:32  warning  Unnecessary escape character: \[                             no-useless-escape
   6581:47  warning  Unnecessary escape character: \^                             no-useless-escape
   6626:7   warning  'widgetsAutocomplete' is assigned a value but never used     no-unused-vars
   6648:7   warning  'widgetsControlgroup' is assigned a value but never used     no-unused-vars
   7239:7   warning  'widgetsCheckboxradio' is assigned a value but never used    no-unused-vars
   7686:7   warning  'widgetsButton' is assigned a value but never used           no-unused-vars
   7921:51  warning  Unnecessary escape character: \-                             no-useless-escape
   8620:23  warning  Empty block statement                                        no-empty
   9326:18  warning  Unexpected constant condition                                no-constant-condition
   9623:27  warning  Unnecessary escape character: \-                             no-useless-escape
  10293:40  warning  Unnecessary escape character: \-                             no-useless-escape
  10295:32  warning  Unnecessary escape character: \-                             no-useless-escape
  10435:35  warning  Unnecessary escape character: \-                             no-useless-escape
  10438:35  warning  Unnecessary escape character: \-                             no-useless-escape
  10603:7   warning  'widgetsDatepicker' is assigned a value but never used       no-unused-vars
  10606:7   warning  'ie' is assigned a value but never used                      no-unused-vars
  10627:7   warning  'widgetsMouse' is assigned a value but never used            no-unused-vars
  10835:7   warning  'plugin' is assigned a value but never used                  no-unused-vars
  10868:7   warning  'safeBlur' is assigned a value but never used                no-unused-vars
  12169:7   warning  'widgetsDraggable' is assigned a value but never used        no-unused-vars
  13428:7   warning  'widgetsResizable' is assigned a value but never used        no-unused-vars
  14383:7   warning  'widgetsDialog' is assigned a value but never used           no-unused-vars
  14902:7   warning  'widgetsDroppable' is assigned a value but never used        no-unused-vars
  14924:7   warning  'widgetsProgressbar' is assigned a value but never used      no-unused-vars
  15081:7   warning  'widgetsSelectable' is assigned a value but never used       no-unused-vars
  15399:7   warning  'widgetsSelectmenu' is assigned a value but never used       no-unused-vars
  16098:7   warning  'widgetsSlider' is assigned a value but never used           no-unused-vars
  16890:7   warning  'widgetsSortable' is assigned a value but never used         no-unused-vars
  17501:33  warning  Unnecessary escape character: \-                             no-useless-escape
  19078:15  warning  'Globalize' is not defined                                   no-undef
  19089:11  warning  'Globalize' is not defined                                   no-undef
  19209:7   warning  'widgetsSpinner' is assigned a value but never used          no-unused-vars
  19265:25  warning  Empty block statement                                        no-empty
  19268:25  warning  Empty block statement                                        no-empty
  19507:38  warning  Unnecessary escape character: \/                             no-useless-escape
  19507:47  warning  Unnecessary escape character: \[                             no-useless-escape
  19507:51  warning  Unnecessary escape character: \^                             no-useless-escape
  20132:7   warning  'widgetsTabs' is assigned a value but never used             no-unused-vars
  20643:7   warning  'widgetsTooltip' is assigned a value but never used          no-unused-vars

/home/runner/work/exp-flow-through-packed-bed-nitk/exp-flow-through-packed-bed-nitk/experiment/simulation/js/jquery.ui.touch-punch.js
  174:4  warning  'jQuery' is not defined  no-undef

/home/runner/work/exp-flow-through-packed-bed-nitk/exp-flow-through-packed-bed-nitk/experiment/simulation/js/jquery.ui.touch-punch.min.js
  81:4  warning  'jQuery' is not defined  no-undef

/home/runner/work/exp-flow-through-packed-bed-nitk/exp-flow-through-packed-bed-nitk/experiment/simulation/js/jquerymin.js
  2:71     warning  'module' is not defined                                                    no-undef
  2:86     warning  'module' is not defined                                                    no-undef
  2:863    warning  'b' is assigned a value but never used                                     no-unused-vars
  2:3050   warning  'r' is assigned a value but never used                                     no-unused-vars
  2:5376   warning  Unexpected control character(s) in regular expression: \x1f, \x1f          no-control-regex
  2:5847   warning  Expected a conditional expression and instead saw an assignment            no-cond-assign
  2:6101   warning  Expected a conditional expression and instead saw an assignment            no-cond-assign
  2:6532   warning  Expected a conditional expression and instead saw an assignment            no-cond-assign
  2:6758   warning  Empty block statement                                                      no-empty
  2:7320   warning  Expected a conditional expression and instead saw an assignment            no-cond-assign
  2:9378   warning  Expected a conditional expression and instead saw an assignment            no-cond-assign
  2:9688   warning  Expected a conditional expression and instead saw an assignment            no-cond-assign
  2:11489  warning  Expected a conditional expression and instead saw an assignment            no-cond-assign
  2:12064  warning  Expected a conditional expression and instead saw an assignment            no-cond-assign
  2:12102  warning  Expected a conditional expression and instead saw an assignment            no-cond-assign
  2:12520  warning  Empty block statement                                                      no-empty
  2:13134  warning  Expected a conditional expression and instead saw an assignment            no-cond-assign
  2:13446  warning  Expected a conditional expression and instead saw an assignment            no-cond-assign
  2:15271  warning  Expected a conditional expression and instead saw an assignment            no-cond-assign
  2:15542  warning  Expected a conditional expression and instead saw an assignment            no-cond-assign
  2:15740  warning  Expected a conditional expression and instead saw an assignment            no-cond-assign
  2:16114  warning  Do not access Object.prototype method 'hasOwnProperty' from target object  no-prototype-builtins
  2:16815  warning  Expected a conditional expression and instead saw an assignment            no-cond-assign
  2:19155  warning  Expected a conditional expression and instead saw an assignment            no-cond-assign
  2:19255  warning  Expected a conditional expression and instead saw an assignment            no-cond-assign
  2:19315  warning  Expected a conditional expression and instead saw an assignment            no-cond-assign
  2:20674  warning  Expected a conditional expression and instead saw an assignment            no-cond-assign
  2:21288  warning  Expected a conditional expression and instead saw an assignment            no-cond-assign
  2:21399  warning  Expected a conditional expression and instead saw an assignment            no-cond-assign
  2:23719  warning  Unnecessary escape character: \/                                           no-useless-escape
  2:33344  warning  Empty block statement                                                      no-empty
  2:37050  warning  Unnecessary escape character: \/                                           no-useless-escape
  2:38265  warning  Expected a conditional expression and instead saw an assignment            no-cond-assign
  2:38405  warning  Expected a conditional expression and instead saw an assignment            no-cond-assign
  2:39039  warning  Empty block statement                                                      no-empty
  2:45778  warning  Unnecessary escape character: \/                                           no-useless-escape
  2:48087  warning  Expected a conditional expression and instead saw an assignment            no-cond-assign
  2:49647  warning  Empty block statement                                                      no-empty
  2:57298  warning  Expected a conditional expression and instead saw an assignment            no-cond-assign
  2:59847  warning  Expected a conditional expression and instead saw an assignment            no-cond-assign
  2:64132  warning  Expected a conditional expression and instead saw an assignment            no-cond-assign
  2:65877  warning  Expected a conditional expression and instead saw an assignment            no-cond-assign
  2:65943  warning  Expected a conditional expression and instead saw an assignment            no-cond-assign
  2:66247  warning  Expected a conditional expression and instead saw an assignment            no-cond-assign
  2:66313  warning  Expected a conditional expression and instead saw an assignment            no-cond-assign
  2:66720  warning  Expected a conditional expression and instead saw an assignment            no-cond-assign
  2:66997  warning  Expected a conditional expression and instead saw an assignment            no-cond-assign
  2:72432  warning  Expected a conditional expression and instead saw an assignment            no-cond-assign
  2:74924  warning  Expected a conditional expression and instead saw an assignment            no-cond-assign
  2:75645  warning  'l.href' is assigned to itself                                             no-self-assign
  2:79204  warning  Empty block statement                                                      no-empty
  2:83243  warning  Expected a conditional expression and instead saw an assignment            no-cond-assign
  2:83243  warning  'l' is assigned a value but never used                                     no-unused-vars
  2:86651  warning  'define' is not defined                                                    no-undef
  2:86663  warning  'define' is not defined                                                    no-undef

/home/runner/work/exp-flow-through-packed-bed-nitk/exp-flow-through-packed-bed-nitk/experiment/simulation/js/propeller.min.js
  1:7925  warning  'a' is defined but never used  no-unused-vars
  1:8813  warning  'f' is already defined         no-redeclare
  1:9265  warning  '$' is not defined             no-undef
  1:9280  warning  '$' is not defined             no-undef
  1:9306  warning  '$' is not defined             no-undef
  1:9358  warning  '$' is not defined             no-undef
  1:9404  warning  '$' is not defined             no-undef
  1:9431  warning  '$' is not defined             no-undef

/home/runner/work/exp-flow-through-packed-bed-nitk/exp-flow-through-packed-bed-nitk/experiment/simulation/js/script.js
     2:5   warning  'mpointer' is assigned a value but never used           no-unused-vars
     3:5   warning  'repeat' is assigned a value but never used             no-unused-vars
     4:8   warning  'p' is defined but never used                           no-unused-vars
     4:11  warning  'lastp' is defined but never used                       no-unused-vars
     4:18  warning  'n' is defined but never used                           no-unused-vars
     4:24  warning  'q' is defined but never used                           no-unused-vars
     4:27  warning  'flag' is assigned a value but never used               no-unused-vars
     5:5   warning  'avg' is defined but never used                         no-unused-vars
     5:10  warning  'average' is defined but never used                     no-unused-vars
    27:10  warning  'goToStart' is defined but never used                   no-unused-vars
    55:10  warning  'changeOriginal' is defined but never used              no-unused-vars
    62:10  warning  'temp' is not defined                                   no-undef
    62:20  warning  'temp' is not defined                                   no-undef
    62:31  warning  'temp' is not defined                                   no-undef
    63:44  warning  'temp' is not defined                                   no-undef
    65:5   warning  'simsubscreennum' is not defined                        no-undef
    66:40  warning  'simsubscreennum' is not defined                        no-undef
    71:10  warning  'navNext' is defined but never used                     no-unused-vars
    72:10  warning  'temp' is not defined                                   no-undef
    72:20  warning  'temp' is not defined                                   no-undef
    72:31  warning  'temp' is not defined                                   no-undef
    73:44  warning  'temp' is not defined                                   no-undef
    76:5   warning  'simsubscreennum' is not defined                        no-undef
    77:41  warning  'simsubscreennum' is not defined                        no-undef
    84:10  warning  'animatearrow' is defined but never used                no-unused-vars
    93:10  warning  'myStopFunction' is defined but never used              no-unused-vars
    94:19  warning  'myInt' is not defined                                  no-undef
   102:9   warning  'simsubscreennum' is not defined                        no-undef
   108:16  warning  'simsubscreennum' is not defined                        no-undef
   129:16  warning  'simsubscreennum' is not defined                        no-undef
   149:16  warning  'simsubscreennum' is not defined                        no-undef
   230:21  warning  'Propeller' is not defined                              no-undef
   249:16  warning  'simsubscreennum' is not defined                        no-undef
   263:10  warning  'dragAndRotate' is defined but never used               no-unused-vars
   267:10  warning  'mclose' is defined but never used                      no-unused-vars
   272:10  warning  'mclose1' is defined but never used                     no-unused-vars
   286:10  warning  'temp' is not defined                                   no-undef
   286:20  warning  'temp' is not defined                                   no-undef
   286:31  warning  'temp' is not defined                                   no-undef
   287:44  warning  'temp' is not defined                                   no-undef
   289:5   warning  'simsubscreennum' is not defined                        no-undef
   290:40  warning  'simsubscreennum' is not defined                        no-undef
   339:10  warning  'temp' is not defined                                   no-undef
   339:20  warning  'temp' is not defined                                   no-undef
   339:31  warning  'temp' is not defined                                   no-undef
   340:44  warning  'temp' is not defined                                   no-undef
   342:5   warning  'simsubscreennum' is not defined                        no-undef
   343:40  warning  'simsubscreennum' is not defined                        no-undef
   372:10  warning  'temp' is not defined                                   no-undef
   372:20  warning  'temp' is not defined                                   no-undef
   372:31  warning  'temp' is not defined                                   no-undef
   373:44  warning  'temp' is not defined                                   no-undef
   375:5   warning  'simsubscreennum' is not defined                        no-undef
   376:40  warning  'simsubscreennum' is not defined                        no-undef
   417:10  warning  'temp' is not defined                                   no-undef
   417:20  warning  'temp' is not defined                                   no-undef
   417:31  warning  'temp' is not defined                                   no-undef
   418:44  warning  'temp' is not defined                                   no-undef
   420:5   warning  'simsubscreennum' is not defined                        no-undef
   421:40  warning  'simsubscreennum' is not defined                        no-undef
   450:10  warning  'temp' is not defined                                   no-undef
   450:20  warning  'temp' is not defined                                   no-undef
   450:31  warning  'temp' is not defined                                   no-undef
   451:44  warning  'temp' is not defined                                   no-undef
   453:5   warning  'simsubscreennum' is not defined                        no-undef
   454:40  warning  'simsubscreennum' is not defined                        no-undef
   461:10  warning  'temp' is not defined                                   no-undef
   461:20  warning  'temp' is not defined                                   no-undef
   461:31  warning  'temp' is not defined                                   no-undef
   462:44  warning  'temp' is not defined                                   no-undef
   464:5   warning  'simsubscreennum' is not defined                        no-undef
   465:40  warning  'simsubscreennum' is not defined                        no-undef
   513:10  warning  'temp' is not defined                                   no-undef
   513:20  warning  'temp' is not defined                                   no-undef
   513:31  warning  'temp' is not defined                                   no-undef
   514:44  warning  'temp' is not defined                                   no-undef
   516:5   warning  'simsubscreennum' is not defined                        no-undef
   518:40  warning  'simsubscreennum' is not defined                        no-undef
   522:9   warning  'mfdensity' is not defined                              no-undef
   524:9   warning  'mfdensity' is not defined                              no-undef
   716:10  warning  'selectAction' is defined but never used                no-unused-vars
   719:5   warning  'simsubscreennum' is not defined                        no-undef
   723:5   warning  'Oridia' is assigned a value but never used             no-unused-vars
   735:10  warning  'setPipeDia' is defined but never used                  no-unused-vars
   757:5   warning  'a' is already defined                                  no-redeclare
   757:5   warning  'a' is assigned a value but never used                  no-unused-vars
   758:5   warning  'b' is already defined                                  no-redeclare
   758:5   warning  'b' is assigned a value but never used                  no-unused-vars
   759:5   warning  'c' is assigned a value but never used                  no-unused-vars
   761:10  warning  'setVenturiTube' is defined but never used              no-unused-vars
   788:5   warning  'chosenVenturiDia' is assigned a value but never used   no-unused-vars
   790:10  warning  'setVenturiDia' is defined but never used               no-unused-vars
   801:10  warning  'setProcessFluid' is defined but never used             no-unused-vars
   807:9   warning  'viscositypf' is not defined                            no-undef
   810:9   warning  'viscositypf' is not defined                            no-undef
   825:10  warning  'setManoFluid' is defined but never used                no-unused-vars
   829:9   warning  'mfdensity' is not defined                              no-undef
   831:9   warning  'mfdensity' is not defined                              no-undef
   844:5   warning  'x' is assigned a value but never used                  no-unused-vars
   845:5   warning  'numberOfClicks' is assigned a value but never used     no-unused-vars
   846:5   warning  'h1Val' is assigned a value but never used              no-unused-vars
   847:5   warning  'h2Val' is assigned a value but never used              no-unused-vars
   857:5   warning  'heightRight' is assigned a value but never used        no-unused-vars
   862:5   warning  'topRight' is assigned a value but never used           no-unused-vars
   865:5   warning  'heightPin' is assigned a value but never used          no-unused-vars
   866:5   warning  'heightPinNew' is assigned a value but never used       no-unused-vars
  1101:10  warning  'remAllRead' is defined but never used                  no-unused-vars
  1114:9   warning  '$' is not defined                                      no-undef
  1123:10  warning  'emailSend' is defined but never used                   no-unused-vars
  1146:10  warning  'sendEmail' is defined but never used                   no-unused-vars
  1150:5   warning  'emidlen' is not defined                                no-undef
  1152:9   warning  'emidlen' is not defined                                no-undef
  1161:14  warning  'i' is not defined                                      no-undef
  1161:21  warning  'i' is not defined                                      no-undef
  1161:44  warning  'i' is not defined                                      no-undef
  1164:44  warning  'i' is not defined                                      no-undef
  1168:17  warning  'info' is not defined                                   no-undef
  1168:34  warning  'info' is not defined                                   no-undef
  1170:13  warning  'info' is not defined                                   no-undef
  1170:30  warning  'info' is not defined                                   no-undef
  1184:10  warning  'setemail' is defined but never used                    no-unused-vars
  1189:10  warning  'remSelRead' is defined but never used                  no-unused-vars
  1199:10  warning  'i' is not defined                                      no-undef
  1199:17  warning  'i' is not defined                                      no-undef
  1199:34  warning  'i' is not defined                                      no-undef
  1200:14  warning  'i' is not defined                                      no-undef
  1399:5   warning  'simsubscreennum' is not defined                        no-undef
  1402:41  warning  'simsubscreennum' is not defined                        no-undef
  1410:5   warning  'pipeLengthEval' is assigned a value but never used     no-unused-vars
  1412:10  warning  'setPipeLengthEval' is defined but never used           no-unused-vars
  1416:5   warning  'chosenPipeDiaEval' is assigned a value but never used  no-unused-vars
  1419:5   warning  'areaEval' is already defined                           no-redeclare
  1421:10  warning  'setPipeDiaEval' is defined but never used              no-unused-vars
  1428:10  warning  'setVenturiDiaEval' is defined but never used           no-unused-vars
  1433:5   warning  'processFluidEval' is assigned a value but never used   no-unused-vars
  1436:5   warning  'edensitymf' is assigned a value but never used         no-unused-vars
  1438:10  warning  'setProcessFluidEval' is defined but never used         no-unused-vars
  1443:5   warning  'manoFluidEval' is assigned a value but never used      no-unused-vars
  1446:10  warning  'setManoFluidEval' is defined but never used            no-unused-vars
  1455:10  warning  'setEvalSets' is defined but never used                 no-unused-vars
  1470:18  warning  'x' is already defined                                  no-redeclare
  1489:5   warning  'den' is defined but never used                         no-unused-vars
  1489:10  warning  'diaMeter' is defined but never used                    no-unused-vars
  1489:37  warning  'visco' is defined but never used                       no-unused-vars
  1489:60  warning  'denMano' is defined but never used                     no-unused-vars
  1489:82  warning  'hf' is defined but never used                          no-unused-vars
  1491:10  warning  'evaluateConfig' is defined but never used              no-unused-vars
  1592:17  warning  'rowCountPost' is assigned a value but never used       no-unused-vars
  1621:17  warning  'rowCounttt' is assigned a value but never used         no-unused-vars
  1645:10  warning  'showFirstScreen' is defined but never used             no-unused-vars
  1688:10  warning  'setPBLengthEval' is defined but never used             no-unused-vars
  1693:5   warning  'pBMaterialEval' is assigned a value but never used     no-unused-vars
  1705:10  warning  'setPBMaterial' is defined but never used               no-unused-vars
  1732:5   warning  'pipeLength' is already defined                         no-redeclare
  1732:5   warning  'pipeLength' is assigned a value but never used         no-unused-vars
  1734:5   warning  'actualPipeDia' is already defined                      no-redeclare
  1735:5   warning  'area' is already defined                               no-redeclare
  1737:10  warning  'setPBDiaEval' is defined but never used                no-unused-vars

✖ 436 problems (1 error, 435 warnings)

